<?xml version="1.0" encoding="UTF-8"?>
<!-- Generated by org.testng.reporters.JUnitXMLReporter -->
<testsuite hostname="PRVN" ignored="1" name="Default test" tests="3" failures="0" timestamp="07 Nov 2022 13:18:22 GMT" time="57.812" errors="0">
  <testcase name="test1" time="7.513" classname="projectflip.Flipkartproject"/>
  <testcase name="test2" time="50.161" classname="projectflip.Flipkartproject"/>
  <testcase name="test4" time="0.094" classname="projectflip.Flipkartproject"/>
  <testcase name="test3" time="0.0" classname="projectflip.Flipkartproject">
    <ignored/>
  </testcase> <!-- test3 -->
</testsuite> <!-- Default test -->
