<?xml version="1.0" encoding="UTF-8"?>
<testng-results skipped="0" failed="0" ignored="1" total="4" passed="3">
  <reporter-output>
  </reporter-output>
  <suite name="Default suite" duration-ms="57812" started-at="2022-11-07T13:17:24Z" finished-at="2022-11-07T13:18:22Z">
    <groups>
    </groups>
    <test name="Default test" duration-ms="57812" started-at="2022-11-07T13:17:24Z" finished-at="2022-11-07T13:18:22Z">
      <class name="projectflip.Flipkartproject">
        <test-method status="PASS" signature="test1()[pri:0, instance:projectflip.Flipkartproject@53b32d7]" name="test1" duration-ms="7513" started-at="2022-11-07T13:17:24Z" finished-at="2022-11-07T13:17:32Z">
          <reporter-output>
          </reporter-output>
        </test-method> <!-- test1 -->
        <test-method status="PASS" signature="test2()[pri:0, instance:projectflip.Flipkartproject@53b32d7]" name="test2" duration-ms="50161" started-at="2022-11-07T13:17:32Z" finished-at="2022-11-07T13:18:22Z">
          <reporter-output>
          </reporter-output>
        </test-method> <!-- test2 -->
        <test-method status="PASS" signature="test4()[pri:0, instance:projectflip.Flipkartproject@53b32d7]" name="test4" duration-ms="94" started-at="2022-11-07T13:18:22Z" finished-at="2022-11-07T13:18:22Z">
          <reporter-output>
          </reporter-output>
        </test-method> <!-- test4 -->
      </class> <!-- projectflip.Flipkartproject -->
    </test> <!-- Default test -->
  </suite> <!-- Default suite -->
</testng-results>
